<?xml version="1.0" encoding="UTF-8"?>
<!-- Generated by org.testng.reporters.JUnitXMLReporter -->
<testsuite ignored="0" hostname="DESKTOP-42NF19T" failures="1" tests="3" name="Error Validation Test" time="52.475" errors="0" timestamp="2024-07-22T09:25:48 WEST">
  <testcase classname="WebAutomation.Tests.ErrorValidationTest" name="addProductErrorValidation" time="13.041"/>
  <testcase classname="WebAutomation.Tests.ErrorValidationTest" name="loginErrorValidation" time="4.037">
    <skipped/>
  </testcase> <!-- loginErrorValidation -->
  <testcase classname="WebAutomation.Tests.ErrorValidationTest" name="loginErrorValidation" time="7.313">
    <failure type="java.lang.AssertionError" message="expected [Incorrect email or password.XX] but found [Incorrect email or password.]">
      <![CDATA[java.lang.AssertionError: expected [Incorrect email or password.XX] but found [Incorrect email or password.]
at WebAutomation.Tests.ErrorValidationTest.loginErrorValidation(ErrorValidationTest.java:22)
at java.base/java.util.ArrayList.forEach(ArrayList.java:1596)
at java.base/java.util.concurrent.FutureTask.run(FutureTask.java:317)
at java.base/java.util.concurrent.ThreadPoolExecutor.runWorker(ThreadPoolExecutor.java:1144)
at java.base/java.util.concurrent.ThreadPoolExecutor$Worker.run(ThreadPoolExecutor.java:642)
at java.base/java.lang.Thread.run(Thread.java:1583)
... Removed 21 stack frames]]>
    </failure>
  </testcase> <!-- loginErrorValidation -->
</testsuite> <!-- Error Validation Test -->
